<?xml version="1.0" encoding="UTF-8"?>
<testsuite name="AppTest" tests="1" skipped="0" failures="0" errors="0" timestamp="2024-03-11T15:06:56" hostname="DESKTOP-MB2OSEQ" time="0.004">
  <properties/>
  <testcase name="testApp" classname="AppTest" time="0.004"/>
  <system-out><![CDATA[]]></system-out>
  <system-err><![CDATA[]]></system-err>
</testsuite>
