<?xml version="1.0" encoding="UTF-8"?>
<testsuite name="AppTest" tests="1" skipped="0" failures="0" errors="0" timestamp="2024-05-20T10:35:47" hostname="DESKTOP-MB2OSEQ" time="0.762">
  <properties/>
  <testcase name="testGetStatus()" classname="AppTest" time="0.762"/>
  <system-out><![CDATA[]]></system-out>
  <system-err><![CDATA[]]></system-err>
</testsuite>
